<?xml version="1.0" encoding="UTF-8" ?>
<testsuite tests="3" failures="1" name="TestSuite" time="176.9" errors="0" skipped="0">
  <properties>
    <property name="java.runtime.name" value="Java(TM) SE Runtime Environment"/>
    <property name="java.vm.version" value="11.0.15.1+2-LTS-10"/>
    <property name="sun.boot.library.path" value="G:\Software\Latest\java\jdk-11.0.15.1\bin"/>
    <property name="java.vm.vendor" value="Oracle Corporation"/>
    <property name="java.vendor.url" value="https://openjdk.java.net/"/>
    <property name="path.separator" value=";"/>
    <property name="java.vm.name" value="Java HotSpot(TM) 64-Bit Server VM"/>
    <property name="sun.os.patch.level" value=""/>
    <property name="user.script" value=""/>
    <property name="user.country" value="IN"/>
    <property name="sun.java.launcher" value="SUN_STANDARD"/>
    <property name="java.vm.specification.name" value="Java Virtual Machine Specification"/>
    <property name="user.dir" value="G:\E_Git_Traingings_Ecplise_workspace\E_POC2"/>
    <property name="java.vm.compressedOopsMode" value="32-bit"/>
    <property name="java.runtime.version" value="11.0.15.1+2-LTS-10"/>
    <property name="java.awt.graphicsenv" value="sun.awt.Win32GraphicsEnvironment"/>
    <property name="basedir" value="G:\E_Git_Traingings_Ecplise_workspace\E_POC2"/>
    <property name="os.arch" value="amd64"/>
    <property name="surefire.real.class.path" value="C:\Users\Aniket\AppData\Local\Temp\surefirebooter14043909687640817539.jar"/>
    <property name="java.io.tmpdir" value="C:\Users\Aniket\AppData\Local\Temp\"/>
    <property name="line.separator" value="
"/>
    <property name="java.vm.specification.vendor" value="Oracle Corporation"/>
    <property name="user.variant" value=""/>
    <property name="os.name" value="Windows 10"/>
    <property name="sun.jnu.encoding" value="Cp1252"/>
    <property name="java.library.path" value="G:\Software\Latest\java\jdk-11.0.15.1\bin;C:\Windows\Sun\Java\bin;C:\Windows\system32;C:\Windows;G:/Software/Latest/java/jdk-11.0.15.1/bin/server;G:/Software/Latest/java/jdk-11.0.15.1/bin;H:\oracle\product\10.2.0\db_1\bin;C:\app\Aniket\product\21c\dbhomeXE\bin;C:\Program Files\Common Files\Oracle\Java\javapath;C:\Windows\system32;C:\Windows;C:\Windows\System32\Wbem;C:\Windows\System32\WindowsPowerShell\v1.0\;C:\Windows\System32\OpenSSH\;C:\Program Files\nodejs\;C:\apache-maven-3.8.5\bin;C:\Program Files\Git\cmd;C:\Program Files (x86)\Microsoft SQL Server\160\Tools\Binn\;C:\Program Files\Microsoft SQL Server\160\Tools\Binn\;C:\Program Files\Microsoft SQL Server\Client SDK\ODBC\170\Tools\Binn\;C:\Program Files\Microsoft SQL Server\160\DTS\Binn\;C:\Program Files (x86)\Microsoft SQL Server\160\DTS\Binn\;C:\Program Files\Azure Data Studio\bin;C:\Program Files\MySQL\MySQL Shell 8.0\bin\;C:\Users\Aniket\AppData\Local\Programs\Python\Python311\Scripts\;C:\Users\Aniket\AppData\Local\Programs\Python\Python311\;C:\Users\Aniket\AppData\Local\Microsoft\WindowsApps;C:\Users\Aniket\AppData\Roaming\npm;G:\Software\Latest\java\jdk-11.0.15.1\bin;G:\Software\Latest\apache-maven\apache-maven-3.8.7\bin;;C:\Program Files\JetBrains\PyCharm Community Edition 2023.1.1\bin;;C:\Program Files\Azure Data Studio\bin;C:\Users\Aniket\Desktop;;."/>
    <property name="surefire.test.class.path" value="G:\E_Git_Traingings_Ecplise_workspace\E_POC2\target\test-classes;G:\E_Git_Traingings_Ecplise_workspace\E_POC2\target\classes;C:\Users\Aniket\.m2\repository\org\seleniumhq\selenium\selenium-java\4.5.0\selenium-java-4.5.0.jar;C:\Users\Aniket\.m2\repository\org\seleniumhq\selenium\selenium-api\4.5.0\selenium-api-4.5.0.jar;C:\Users\Aniket\.m2\repository\org\seleniumhq\selenium\selenium-chrome-driver\4.5.0\selenium-chrome-driver-4.5.0.jar;C:\Users\Aniket\.m2\repository\com\google\auto\service\auto-service-annotations\1.0.1\auto-service-annotations-1.0.1.jar;C:\Users\Aniket\.m2\repository\com\google\auto\service\auto-service\1.0.1\auto-service-1.0.1.jar;C:\Users\Aniket\.m2\repository\com\google\auto\auto-common\1.2\auto-common-1.2.jar;C:\Users\Aniket\.m2\repository\com\google\guava\guava\31.1-jre\guava-31.1-jre.jar;C:\Users\Aniket\.m2\repository\com\google\guava\failureaccess\1.0.1\failureaccess-1.0.1.jar;C:\Users\Aniket\.m2\repository\com\google\guava\listenablefuture\9999.0-empty-to-avoid-conflict-with-guava\listenablefuture-9999.0-empty-to-avoid-conflict-with-guava.jar;C:\Users\Aniket\.m2\repository\org\checkerframework\checker-qual\3.12.0\checker-qual-3.12.0.jar;C:\Users\Aniket\.m2\repository\com\google\errorprone\error_prone_annotations\2.11.0\error_prone_annotations-2.11.0.jar;C:\Users\Aniket\.m2\repository\com\google\j2objc\j2objc-annotations\1.3\j2objc-annotations-1.3.jar;C:\Users\Aniket\.m2\repository\org\seleniumhq\selenium\selenium-chromium-driver\4.5.0\selenium-chromium-driver-4.5.0.jar;C:\Users\Aniket\.m2\repository\org\seleniumhq\selenium\selenium-json\4.5.0\selenium-json-4.5.0.jar;C:\Users\Aniket\.m2\repository\org\seleniumhq\selenium\selenium-devtools-v104\4.5.0\selenium-devtools-v104-4.5.0.jar;C:\Users\Aniket\.m2\repository\org\seleniumhq\selenium\selenium-devtools-v105\4.5.0\selenium-devtools-v105-4.5.0.jar;C:\Users\Aniket\.m2\repository\org\seleniumhq\selenium\selenium-devtools-v106\4.5.0\selenium-devtools-v106-4.5.0.jar;C:\Users\Aniket\.m2\repository\org\seleniumhq\selenium\selenium-devtools-v85\4.5.0\selenium-devtools-v85-4.5.0.jar;C:\Users\Aniket\.m2\repository\org\seleniumhq\selenium\selenium-edge-driver\4.5.0\selenium-edge-driver-4.5.0.jar;C:\Users\Aniket\.m2\repository\org\seleniumhq\selenium\selenium-firefox-driver\4.5.0\selenium-firefox-driver-4.5.0.jar;C:\Users\Aniket\.m2\repository\org\seleniumhq\selenium\selenium-ie-driver\4.5.0\selenium-ie-driver-4.5.0.jar;C:\Users\Aniket\.m2\repository\org\seleniumhq\selenium\selenium-remote-driver\4.5.0\selenium-remote-driver-4.5.0.jar;C:\Users\Aniket\.m2\repository\io\netty\netty-buffer\4.1.79.Final\netty-buffer-4.1.79.Final.jar;C:\Users\Aniket\.m2\repository\io\netty\netty-codec-http\4.1.79.Final\netty-codec-http-4.1.79.Final.jar;C:\Users\Aniket\.m2\repository\io\netty\netty-codec\4.1.79.Final\netty-codec-4.1.79.Final.jar;C:\Users\Aniket\.m2\repository\io\netty\netty-handler\4.1.79.Final\netty-handler-4.1.79.Final.jar;C:\Users\Aniket\.m2\repository\io\netty\netty-common\4.1.79.Final\netty-common-4.1.79.Final.jar;C:\Users\Aniket\.m2\repository\io\netty\netty-transport-classes-epoll\4.1.79.Final\netty-transport-classes-epoll-4.1.79.Final.jar;C:\Users\Aniket\.m2\repository\io\netty\netty-transport-classes-kqueue\4.1.79.Final\netty-transport-classes-kqueue-4.1.79.Final.jar;C:\Users\Aniket\.m2\repository\io\netty\netty-transport-native-epoll\4.1.79.Final\netty-transport-native-epoll-4.1.79.Final.jar;C:\Users\Aniket\.m2\repository\io\netty\netty-transport-native-kqueue\4.1.79.Final\netty-transport-native-kqueue-4.1.79.Final.jar;C:\Users\Aniket\.m2\repository\io\netty\netty-transport-native-unix-common\4.1.79.Final\netty-transport-native-unix-common-4.1.79.Final.jar;C:\Users\Aniket\.m2\repository\io\netty\netty-transport\4.1.79.Final\netty-transport-4.1.79.Final.jar;C:\Users\Aniket\.m2\repository\io\netty\netty-resolver\4.1.79.Final\netty-resolver-4.1.79.Final.jar;C:\Users\Aniket\.m2\repository\io\opentelemetry\opentelemetry-api\1.17.0\opentelemetry-api-1.17.0.jar;C:\Users\Aniket\.m2\repository\io\opentelemetry\opentelemetry-context\1.17.0\opentelemetry-context-1.17.0.jar;C:\Users\Aniket\.m2\repository\io\opentelemetry\opentelemetry-exporter-logging\1.17.0\opentelemetry-exporter-logging-1.17.0.jar;C:\Users\Aniket\.m2\repository\io\opentelemetry\opentelemetry-sdk-metrics\1.17.0\opentelemetry-sdk-metrics-1.17.0.jar;C:\Users\Aniket\.m2\repository\io\opentelemetry\opentelemetry-sdk-logs\1.17.0-alpha\opentelemetry-sdk-logs-1.17.0-alpha.jar;C:\Users\Aniket\.m2\repository\io\opentelemetry\opentelemetry-sdk-common\1.17.0\opentelemetry-sdk-common-1.17.0.jar;C:\Users\Aniket\.m2\repository\io\opentelemetry\opentelemetry-sdk-extension-autoconfigure-spi\1.17.0\opentelemetry-sdk-extension-autoconfigure-spi-1.17.0.jar;C:\Users\Aniket\.m2\repository\io\opentelemetry\opentelemetry-sdk-extension-autoconfigure\1.17.0-alpha\opentelemetry-sdk-extension-autoconfigure-1.17.0-alpha.jar;C:\Users\Aniket\.m2\repository\io\opentelemetry\opentelemetry-exporter-common\1.17.0\opentelemetry-exporter-common-1.17.0.jar;C:\Users\Aniket\.m2\repository\io\opentelemetry\opentelemetry-sdk-trace\1.17.0\opentelemetry-sdk-trace-1.17.0.jar;C:\Users\Aniket\.m2\repository\io\opentelemetry\opentelemetry-sdk\1.17.0\opentelemetry-sdk-1.17.0.jar;C:\Users\Aniket\.m2\repository\io\opentelemetry\opentelemetry-semconv\1.17.0-alpha\opentelemetry-semconv-1.17.0-alpha.jar;C:\Users\Aniket\.m2\repository\io\ous\jtoml\2.0.0\jtoml-2.0.0.jar;C:\Users\Aniket\.m2\repository\net\bytebuddy\byte-buddy\1.12.14\byte-buddy-1.12.14.jar;C:\Users\Aniket\.m2\repository\org\apache\commons\commons-exec\1.3\commons-exec-1.3.jar;C:\Users\Aniket\.m2\repository\org\asynchttpclient\async-http-client\2.12.3\async-http-client-2.12.3.jar;C:\Users\Aniket\.m2\repository\org\asynchttpclient\async-http-client-netty-utils\2.12.3\async-http-client-netty-utils-2.12.3.jar;C:\Users\Aniket\.m2\repository\io\netty\netty-codec-socks\4.1.60.Final\netty-codec-socks-4.1.60.Final.jar;C:\Users\Aniket\.m2\repository\io\netty\netty-handler-proxy\4.1.60.Final\netty-handler-proxy-4.1.60.Final.jar;C:\Users\Aniket\.m2\repository\io\netty\netty-transport-native-epoll\4.1.60.Final\netty-transport-native-epoll-4.1.60.Final-linux-x86_64.jar;C:\Users\Aniket\.m2\repository\io\netty\netty-transport-native-kqueue\4.1.60.Final\netty-transport-native-kqueue-4.1.60.Final-osx-x86_64.jar;C:\Users\Aniket\.m2\repository\com\typesafe\netty\netty-reactive-streams\2.0.4\netty-reactive-streams-2.0.4.jar;C:\Users\Aniket\.m2\repository\com\sun\activation\jakarta.activation\1.2.2\jakarta.activation-1.2.2.jar;C:\Users\Aniket\.m2\repository\org\seleniumhq\selenium\selenium-http\4.5.0\selenium-http-4.5.0.jar;C:\Users\Aniket\.m2\repository\dev\failsafe\failsafe\3.2.4\failsafe-3.2.4.jar;C:\Users\Aniket\.m2\repository\org\seleniumhq\selenium\selenium-safari-driver\4.5.0\selenium-safari-driver-4.5.0.jar;C:\Users\Aniket\.m2\repository\org\seleniumhq\selenium\selenium-support\4.5.0\selenium-support-4.5.0.jar;C:\Users\Aniket\.m2\repository\org\testng\testng\7.6.1\testng-7.6.1.jar;C:\Users\Aniket\.m2\repository\com\google\code\findbugs\jsr305\3.0.2\jsr305-3.0.2.jar;C:\Users\Aniket\.m2\repository\org\slf4j\slf4j-api\1.7.36\slf4j-api-1.7.36.jar;C:\Users\Aniket\.m2\repository\com\beust\jcommander\1.82\jcommander-1.82.jar;C:\Users\Aniket\.m2\repository\org\webjars\jquery\3.6.0\jquery-3.6.0.jar;C:\Users\Aniket\.m2\repository\org\apache\poi\poi\5.2.3\poi-5.2.3.jar;C:\Users\Aniket\.m2\repository\commons-codec\commons-codec\1.15\commons-codec-1.15.jar;C:\Users\Aniket\.m2\repository\org\apache\commons\commons-collections4\4.4\commons-collections4-4.4.jar;C:\Users\Aniket\.m2\repository\org\apache\commons\commons-math3\3.6.1\commons-math3-3.6.1.jar;C:\Users\Aniket\.m2\repository\commons-io\commons-io\2.11.0\commons-io-2.11.0.jar;C:\Users\Aniket\.m2\repository\com\zaxxer\SparseBitSet\1.2\SparseBitSet-1.2.jar;C:\Users\Aniket\.m2\repository\org\apache\logging\log4j\log4j-api\2.18.0\log4j-api-2.18.0.jar;C:\Users\Aniket\.m2\repository\org\apache\poi\poi-ooxml\5.2.3\poi-ooxml-5.2.3.jar;C:\Users\Aniket\.m2\repository\org\apache\poi\poi-ooxml-lite\5.2.3\poi-ooxml-lite-5.2.3.jar;C:\Users\Aniket\.m2\repository\org\apache\xmlbeans\xmlbeans\5.1.1\xmlbeans-5.1.1.jar;C:\Users\Aniket\.m2\repository\org\apache\commons\commons-compress\1.21\commons-compress-1.21.jar;C:\Users\Aniket\.m2\repository\com\github\virtuald\curvesapi\1.07\curvesapi-1.07.jar;C:\Users\Aniket\.m2\repository\com\aventstack\extentreports\5.0.9\extentreports-5.0.9.jar;C:\Users\Aniket\.m2\repository\io\reactivex\rxjava3\rxjava\3.0.4\rxjava-3.0.4.jar;C:\Users\Aniket\.m2\repository\org\reactivestreams\reactive-streams\1.0.3\reactive-streams-1.0.3.jar;C:\Users\Aniket\.m2\repository\org\freemarker\freemarker\2.3.30\freemarker-2.3.30.jar;C:\Users\Aniket\.m2\repository\org\projectlombok\lombok\1.18.12\lombok-1.18.12.jar;C:\Users\Aniket\.m2\repository\com\google\code\gson\gson\2.8.6\gson-2.8.6.jar;C:\Users\Aniket\.m2\repository\io\github\bonigarcia\webdrivermanager\5.3.0\webdrivermanager-5.3.0.jar;C:\Users\Aniket\.m2\repository\com\github\docker-java\docker-java\3.2.13\docker-java-3.2.13.jar;C:\Users\Aniket\.m2\repository\com\github\docker-java\docker-java-core\3.2.13\docker-java-core-3.2.13.jar;C:\Users\Aniket\.m2\repository\com\github\docker-java\docker-java-api\3.2.13\docker-java-api-3.2.13.jar;C:\Users\Aniket\.m2\repository\com\fasterxml\jackson\core\jackson-annotations\2.10.3\jackson-annotations-2.10.3.jar;C:\Users\Aniket\.m2\repository\com\fasterxml\jackson\core\jackson-databind\2.10.3\jackson-databind-2.10.3.jar;C:\Users\Aniket\.m2\repository\com\fasterxml\jackson\core\jackson-core\2.10.3\jackson-core-2.10.3.jar;C:\Users\Aniket\.m2\repository\org\bouncycastle\bcpkix-jdk15on\1.64\bcpkix-jdk15on-1.64.jar;C:\Users\Aniket\.m2\repository\org\bouncycastle\bcprov-jdk15on\1.64\bcprov-jdk15on-1.64.jar;C:\Users\Aniket\.m2\repository\org\slf4j\jcl-over-slf4j\1.7.30\jcl-over-slf4j-1.7.30.jar;C:\Users\Aniket\.m2\repository\com\github\docker-java\docker-java-transport-httpclient5\3.2.13\docker-java-transport-httpclient5-3.2.13.jar;C:\Users\Aniket\.m2\repository\com\github\docker-java\docker-java-transport\3.2.13\docker-java-transport-3.2.13.jar;C:\Users\Aniket\.m2\repository\net\java\dev\jna\jna\5.8.0\jna-5.8.0.jar;C:\Users\Aniket\.m2\repository\org\brotli\dec\0.1.2\dec-0.1.2.jar;C:\Users\Aniket\.m2\repository\org\apache\commons\commons-lang3\3.12.0\commons-lang3-3.12.0.jar;C:\Users\Aniket\.m2\repository\org\apache\httpcomponents\client5\httpclient5\5.1.3\httpclient5-5.1.3.jar;C:\Users\Aniket\.m2\repository\org\apache\httpcomponents\core5\httpcore5\5.1.3\httpcore5-5.1.3.jar;C:\Users\Aniket\.m2\repository\org\apache\httpcomponents\core5\httpcore5-h2\5.1.3\httpcore5-h2-5.1.3.jar;C:\Users\Aniket\.m2\repository\net\rcarz\jira-client\0.5\jira-client-0.5.jar;C:\Users\Aniket\.m2\repository\org\apache\httpcomponents\httpclient\4.2.5\httpclient-4.2.5.jar;C:\Users\Aniket\.m2\repository\org\apache\httpcomponents\httpcore\4.2.4\httpcore-4.2.4.jar;C:\Users\Aniket\.m2\repository\commons-logging\commons-logging\1.1.1\commons-logging-1.1.1.jar;C:\Users\Aniket\.m2\repository\org\apache\httpcomponents\httpmime\4.2.5\httpmime-4.2.5.jar;C:\Users\Aniket\.m2\repository\net\sf\json-lib\json-lib\2.4\json-lib-2.4-jdk15.jar;C:\Users\Aniket\.m2\repository\commons-beanutils\commons-beanutils\1.8.0\commons-beanutils-1.8.0.jar;C:\Users\Aniket\.m2\repository\commons-collections\commons-collections\3.2.1\commons-collections-3.2.1.jar;C:\Users\Aniket\.m2\repository\commons-lang\commons-lang\2.5\commons-lang-2.5.jar;C:\Users\Aniket\.m2\repository\net\sf\ezmorph\ezmorph\1.0.6\ezmorph-1.0.6.jar;C:\Users\Aniket\.m2\repository\joda-time\joda-time\2.3\joda-time-2.3.jar;C:\Users\Aniket\.m2\repository\junit\junit\4.8.2\junit-4.8.2.jar;C:\Users\Aniket\.m2\repository\org\mockito\mockito-all\1.9.0\mockito-all-1.9.0.jar;C:\Users\Aniket\.m2\repository\commons-httpclient\commons-httpclient\3.1\commons-httpclient-3.1.jar;C:\Users\Aniket\.m2\repository\com\microsoft\sqlserver\mssql-jdbc\12.2.0.jre11\mssql-jdbc-12.2.0.jre11.jar;C:\Users\Aniket\.m2\repository\org\apache\commons\commons-email\1.5\commons-email-1.5.jar;C:\Users\Aniket\.m2\repository\com\sun\mail\javax.mail\1.5.6\javax.mail-1.5.6.jar;C:\Users\Aniket\.m2\repository\javax\activation\activation\1.1\activation-1.1.jar;"/>
    <property name="jdk.debug" value="release"/>
    <property name="java.class.version" value="55.0"/>
    <property name="java.specification.name" value="Java Platform API Specification"/>
    <property name="java.net.preferIPv4Stack" value="false"/>
    <property name="sun.management.compiler" value="HotSpot 64-Bit Tiered Compilers"/>
    <property name="os.version" value="10.0"/>
    <property name="user.home" value="C:\Users\Aniket"/>
    <property name="user.timezone" value="Asia/Calcutta"/>
    <property name="java.awt.printerjob" value="sun.awt.windows.WPrinterJob"/>
    <property name="file.encoding" value="Cp1252"/>
    <property name="java.specification.version" value="11"/>
    <property name="user.name" value="Aniket"/>
    <property name="java.class.path" value="G:\E_Git_Traingings_Ecplise_workspace\E_POC2\target\test-classes;G:\E_Git_Traingings_Ecplise_workspace\E_POC2\target\classes;C:\Users\Aniket\.m2\repository\org\seleniumhq\selenium\selenium-java\4.5.0\selenium-java-4.5.0.jar;C:\Users\Aniket\.m2\repository\org\seleniumhq\selenium\selenium-api\4.5.0\selenium-api-4.5.0.jar;C:\Users\Aniket\.m2\repository\org\seleniumhq\selenium\selenium-chrome-driver\4.5.0\selenium-chrome-driver-4.5.0.jar;C:\Users\Aniket\.m2\repository\com\google\auto\service\auto-service-annotations\1.0.1\auto-service-annotations-1.0.1.jar;C:\Users\Aniket\.m2\repository\com\google\auto\service\auto-service\1.0.1\auto-service-1.0.1.jar;C:\Users\Aniket\.m2\repository\com\google\auto\auto-common\1.2\auto-common-1.2.jar;C:\Users\Aniket\.m2\repository\com\google\guava\guava\31.1-jre\guava-31.1-jre.jar;C:\Users\Aniket\.m2\repository\com\google\guava\failureaccess\1.0.1\failureaccess-1.0.1.jar;C:\Users\Aniket\.m2\repository\com\google\guava\listenablefuture\9999.0-empty-to-avoid-conflict-with-guava\listenablefuture-9999.0-empty-to-avoid-conflict-with-guava.jar;C:\Users\Aniket\.m2\repository\org\checkerframework\checker-qual\3.12.0\checker-qual-3.12.0.jar;C:\Users\Aniket\.m2\repository\com\google\errorprone\error_prone_annotations\2.11.0\error_prone_annotations-2.11.0.jar;C:\Users\Aniket\.m2\repository\com\google\j2objc\j2objc-annotations\1.3\j2objc-annotations-1.3.jar;C:\Users\Aniket\.m2\repository\org\seleniumhq\selenium\selenium-chromium-driver\4.5.0\selenium-chromium-driver-4.5.0.jar;C:\Users\Aniket\.m2\repository\org\seleniumhq\selenium\selenium-json\4.5.0\selenium-json-4.5.0.jar;C:\Users\Aniket\.m2\repository\org\seleniumhq\selenium\selenium-devtools-v104\4.5.0\selenium-devtools-v104-4.5.0.jar;C:\Users\Aniket\.m2\repository\org\seleniumhq\selenium\selenium-devtools-v105\4.5.0\selenium-devtools-v105-4.5.0.jar;C:\Users\Aniket\.m2\repository\org\seleniumhq\selenium\selenium-devtools-v106\4.5.0\selenium-devtools-v106-4.5.0.jar;C:\Users\Aniket\.m2\repository\org\seleniumhq\selenium\selenium-devtools-v85\4.5.0\selenium-devtools-v85-4.5.0.jar;C:\Users\Aniket\.m2\repository\org\seleniumhq\selenium\selenium-edge-driver\4.5.0\selenium-edge-driver-4.5.0.jar;C:\Users\Aniket\.m2\repository\org\seleniumhq\selenium\selenium-firefox-driver\4.5.0\selenium-firefox-driver-4.5.0.jar;C:\Users\Aniket\.m2\repository\org\seleniumhq\selenium\selenium-ie-driver\4.5.0\selenium-ie-driver-4.5.0.jar;C:\Users\Aniket\.m2\repository\org\seleniumhq\selenium\selenium-remote-driver\4.5.0\selenium-remote-driver-4.5.0.jar;C:\Users\Aniket\.m2\repository\io\netty\netty-buffer\4.1.79.Final\netty-buffer-4.1.79.Final.jar;C:\Users\Aniket\.m2\repository\io\netty\netty-codec-http\4.1.79.Final\netty-codec-http-4.1.79.Final.jar;C:\Users\Aniket\.m2\repository\io\netty\netty-codec\4.1.79.Final\netty-codec-4.1.79.Final.jar;C:\Users\Aniket\.m2\repository\io\netty\netty-handler\4.1.79.Final\netty-handler-4.1.79.Final.jar;C:\Users\Aniket\.m2\repository\io\netty\netty-common\4.1.79.Final\netty-common-4.1.79.Final.jar;C:\Users\Aniket\.m2\repository\io\netty\netty-transport-classes-epoll\4.1.79.Final\netty-transport-classes-epoll-4.1.79.Final.jar;C:\Users\Aniket\.m2\repository\io\netty\netty-transport-classes-kqueue\4.1.79.Final\netty-transport-classes-kqueue-4.1.79.Final.jar;C:\Users\Aniket\.m2\repository\io\netty\netty-transport-native-epoll\4.1.79.Final\netty-transport-native-epoll-4.1.79.Final.jar;C:\Users\Aniket\.m2\repository\io\netty\netty-transport-native-kqueue\4.1.79.Final\netty-transport-native-kqueue-4.1.79.Final.jar;C:\Users\Aniket\.m2\repository\io\netty\netty-transport-native-unix-common\4.1.79.Final\netty-transport-native-unix-common-4.1.79.Final.jar;C:\Users\Aniket\.m2\repository\io\netty\netty-transport\4.1.79.Final\netty-transport-4.1.79.Final.jar;C:\Users\Aniket\.m2\repository\io\netty\netty-resolver\4.1.79.Final\netty-resolver-4.1.79.Final.jar;C:\Users\Aniket\.m2\repository\io\opentelemetry\opentelemetry-api\1.17.0\opentelemetry-api-1.17.0.jar;C:\Users\Aniket\.m2\repository\io\opentelemetry\opentelemetry-context\1.17.0\opentelemetry-context-1.17.0.jar;C:\Users\Aniket\.m2\repository\io\opentelemetry\opentelemetry-exporter-logging\1.17.0\opentelemetry-exporter-logging-1.17.0.jar;C:\Users\Aniket\.m2\repository\io\opentelemetry\opentelemetry-sdk-metrics\1.17.0\opentelemetry-sdk-metrics-1.17.0.jar;C:\Users\Aniket\.m2\repository\io\opentelemetry\opentelemetry-sdk-logs\1.17.0-alpha\opentelemetry-sdk-logs-1.17.0-alpha.jar;C:\Users\Aniket\.m2\repository\io\opentelemetry\opentelemetry-sdk-common\1.17.0\opentelemetry-sdk-common-1.17.0.jar;C:\Users\Aniket\.m2\repository\io\opentelemetry\opentelemetry-sdk-extension-autoconfigure-spi\1.17.0\opentelemetry-sdk-extension-autoconfigure-spi-1.17.0.jar;C:\Users\Aniket\.m2\repository\io\opentelemetry\opentelemetry-sdk-extension-autoconfigure\1.17.0-alpha\opentelemetry-sdk-extension-autoconfigure-1.17.0-alpha.jar;C:\Users\Aniket\.m2\repository\io\opentelemetry\opentelemetry-exporter-common\1.17.0\opentelemetry-exporter-common-1.17.0.jar;C:\Users\Aniket\.m2\repository\io\opentelemetry\opentelemetry-sdk-trace\1.17.0\opentelemetry-sdk-trace-1.17.0.jar;C:\Users\Aniket\.m2\repository\io\opentelemetry\opentelemetry-sdk\1.17.0\opentelemetry-sdk-1.17.0.jar;C:\Users\Aniket\.m2\repository\io\opentelemetry\opentelemetry-semconv\1.17.0-alpha\opentelemetry-semconv-1.17.0-alpha.jar;C:\Users\Aniket\.m2\repository\io\ous\jtoml\2.0.0\jtoml-2.0.0.jar;C:\Users\Aniket\.m2\repository\net\bytebuddy\byte-buddy\1.12.14\byte-buddy-1.12.14.jar;C:\Users\Aniket\.m2\repository\org\apache\commons\commons-exec\1.3\commons-exec-1.3.jar;C:\Users\Aniket\.m2\repository\org\asynchttpclient\async-http-client\2.12.3\async-http-client-2.12.3.jar;C:\Users\Aniket\.m2\repository\org\asynchttpclient\async-http-client-netty-utils\2.12.3\async-http-client-netty-utils-2.12.3.jar;C:\Users\Aniket\.m2\repository\io\netty\netty-codec-socks\4.1.60.Final\netty-codec-socks-4.1.60.Final.jar;C:\Users\Aniket\.m2\repository\io\netty\netty-handler-proxy\4.1.60.Final\netty-handler-proxy-4.1.60.Final.jar;C:\Users\Aniket\.m2\repository\io\netty\netty-transport-native-epoll\4.1.60.Final\netty-transport-native-epoll-4.1.60.Final-linux-x86_64.jar;C:\Users\Aniket\.m2\repository\io\netty\netty-transport-native-kqueue\4.1.60.Final\netty-transport-native-kqueue-4.1.60.Final-osx-x86_64.jar;C:\Users\Aniket\.m2\repository\com\typesafe\netty\netty-reactive-streams\2.0.4\netty-reactive-streams-2.0.4.jar;C:\Users\Aniket\.m2\repository\com\sun\activation\jakarta.activation\1.2.2\jakarta.activation-1.2.2.jar;C:\Users\Aniket\.m2\repository\org\seleniumhq\selenium\selenium-http\4.5.0\selenium-http-4.5.0.jar;C:\Users\Aniket\.m2\repository\dev\failsafe\failsafe\3.2.4\failsafe-3.2.4.jar;C:\Users\Aniket\.m2\repository\org\seleniumhq\selenium\selenium-safari-driver\4.5.0\selenium-safari-driver-4.5.0.jar;C:\Users\Aniket\.m2\repository\org\seleniumhq\selenium\selenium-support\4.5.0\selenium-support-4.5.0.jar;C:\Users\Aniket\.m2\repository\org\testng\testng\7.6.1\testng-7.6.1.jar;C:\Users\Aniket\.m2\repository\com\google\code\findbugs\jsr305\3.0.2\jsr305-3.0.2.jar;C:\Users\Aniket\.m2\repository\org\slf4j\slf4j-api\1.7.36\slf4j-api-1.7.36.jar;C:\Users\Aniket\.m2\repository\com\beust\jcommander\1.82\jcommander-1.82.jar;C:\Users\Aniket\.m2\repository\org\webjars\jquery\3.6.0\jquery-3.6.0.jar;C:\Users\Aniket\.m2\repository\org\apache\poi\poi\5.2.3\poi-5.2.3.jar;C:\Users\Aniket\.m2\repository\commons-codec\commons-codec\1.15\commons-codec-1.15.jar;C:\Users\Aniket\.m2\repository\org\apache\commons\commons-collections4\4.4\commons-collections4-4.4.jar;C:\Users\Aniket\.m2\repository\org\apache\commons\commons-math3\3.6.1\commons-math3-3.6.1.jar;C:\Users\Aniket\.m2\repository\commons-io\commons-io\2.11.0\commons-io-2.11.0.jar;C:\Users\Aniket\.m2\repository\com\zaxxer\SparseBitSet\1.2\SparseBitSet-1.2.jar;C:\Users\Aniket\.m2\repository\org\apache\logging\log4j\log4j-api\2.18.0\log4j-api-2.18.0.jar;C:\Users\Aniket\.m2\repository\org\apache\poi\poi-ooxml\5.2.3\poi-ooxml-5.2.3.jar;C:\Users\Aniket\.m2\repository\org\apache\poi\poi-ooxml-lite\5.2.3\poi-ooxml-lite-5.2.3.jar;C:\Users\Aniket\.m2\repository\org\apache\xmlbeans\xmlbeans\5.1.1\xmlbeans-5.1.1.jar;C:\Users\Aniket\.m2\repository\org\apache\commons\commons-compress\1.21\commons-compress-1.21.jar;C:\Users\Aniket\.m2\repository\com\github\virtuald\curvesapi\1.07\curvesapi-1.07.jar;C:\Users\Aniket\.m2\repository\com\aventstack\extentreports\5.0.9\extentreports-5.0.9.jar;C:\Users\Aniket\.m2\repository\io\reactivex\rxjava3\rxjava\3.0.4\rxjava-3.0.4.jar;C:\Users\Aniket\.m2\repository\org\reactivestreams\reactive-streams\1.0.3\reactive-streams-1.0.3.jar;C:\Users\Aniket\.m2\repository\org\freemarker\freemarker\2.3.30\freemarker-2.3.30.jar;C:\Users\Aniket\.m2\repository\org\projectlombok\lombok\1.18.12\lombok-1.18.12.jar;C:\Users\Aniket\.m2\repository\com\google\code\gson\gson\2.8.6\gson-2.8.6.jar;C:\Users\Aniket\.m2\repository\io\github\bonigarcia\webdrivermanager\5.3.0\webdrivermanager-5.3.0.jar;C:\Users\Aniket\.m2\repository\com\github\docker-java\docker-java\3.2.13\docker-java-3.2.13.jar;C:\Users\Aniket\.m2\repository\com\github\docker-java\docker-java-core\3.2.13\docker-java-core-3.2.13.jar;C:\Users\Aniket\.m2\repository\com\github\docker-java\docker-java-api\3.2.13\docker-java-api-3.2.13.jar;C:\Users\Aniket\.m2\repository\com\fasterxml\jackson\core\jackson-annotations\2.10.3\jackson-annotations-2.10.3.jar;C:\Users\Aniket\.m2\repository\com\fasterxml\jackson\core\jackson-databind\2.10.3\jackson-databind-2.10.3.jar;C:\Users\Aniket\.m2\repository\com\fasterxml\jackson\core\jackson-core\2.10.3\jackson-core-2.10.3.jar;C:\Users\Aniket\.m2\repository\org\bouncycastle\bcpkix-jdk15on\1.64\bcpkix-jdk15on-1.64.jar;C:\Users\Aniket\.m2\repository\org\bouncycastle\bcprov-jdk15on\1.64\bcprov-jdk15on-1.64.jar;C:\Users\Aniket\.m2\repository\org\slf4j\jcl-over-slf4j\1.7.30\jcl-over-slf4j-1.7.30.jar;C:\Users\Aniket\.m2\repository\com\github\docker-java\docker-java-transport-httpclient5\3.2.13\docker-java-transport-httpclient5-3.2.13.jar;C:\Users\Aniket\.m2\repository\com\github\docker-java\docker-java-transport\3.2.13\docker-java-transport-3.2.13.jar;C:\Users\Aniket\.m2\repository\net\java\dev\jna\jna\5.8.0\jna-5.8.0.jar;C:\Users\Aniket\.m2\repository\org\brotli\dec\0.1.2\dec-0.1.2.jar;C:\Users\Aniket\.m2\repository\org\apache\commons\commons-lang3\3.12.0\commons-lang3-3.12.0.jar;C:\Users\Aniket\.m2\repository\org\apache\httpcomponents\client5\httpclient5\5.1.3\httpclient5-5.1.3.jar;C:\Users\Aniket\.m2\repository\org\apache\httpcomponents\core5\httpcore5\5.1.3\httpcore5-5.1.3.jar;C:\Users\Aniket\.m2\repository\org\apache\httpcomponents\core5\httpcore5-h2\5.1.3\httpcore5-h2-5.1.3.jar;C:\Users\Aniket\.m2\repository\net\rcarz\jira-client\0.5\jira-client-0.5.jar;C:\Users\Aniket\.m2\repository\org\apache\httpcomponents\httpclient\4.2.5\httpclient-4.2.5.jar;C:\Users\Aniket\.m2\repository\org\apache\httpcomponents\httpcore\4.2.4\httpcore-4.2.4.jar;C:\Users\Aniket\.m2\repository\commons-logging\commons-logging\1.1.1\commons-logging-1.1.1.jar;C:\Users\Aniket\.m2\repository\org\apache\httpcomponents\httpmime\4.2.5\httpmime-4.2.5.jar;C:\Users\Aniket\.m2\repository\net\sf\json-lib\json-lib\2.4\json-lib-2.4-jdk15.jar;C:\Users\Aniket\.m2\repository\commons-beanutils\commons-beanutils\1.8.0\commons-beanutils-1.8.0.jar;C:\Users\Aniket\.m2\repository\commons-collections\commons-collections\3.2.1\commons-collections-3.2.1.jar;C:\Users\Aniket\.m2\repository\commons-lang\commons-lang\2.5\commons-lang-2.5.jar;C:\Users\Aniket\.m2\repository\net\sf\ezmorph\ezmorph\1.0.6\ezmorph-1.0.6.jar;C:\Users\Aniket\.m2\repository\joda-time\joda-time\2.3\joda-time-2.3.jar;C:\Users\Aniket\.m2\repository\junit\junit\4.8.2\junit-4.8.2.jar;C:\Users\Aniket\.m2\repository\org\mockito\mockito-all\1.9.0\mockito-all-1.9.0.jar;C:\Users\Aniket\.m2\repository\commons-httpclient\commons-httpclient\3.1\commons-httpclient-3.1.jar;C:\Users\Aniket\.m2\repository\com\microsoft\sqlserver\mssql-jdbc\12.2.0.jre11\mssql-jdbc-12.2.0.jre11.jar;C:\Users\Aniket\.m2\repository\org\apache\commons\commons-email\1.5\commons-email-1.5.jar;C:\Users\Aniket\.m2\repository\com\sun\mail\javax.mail\1.5.6\javax.mail-1.5.6.jar;C:\Users\Aniket\.m2\repository\javax\activation\activation\1.1\activation-1.1.jar;"/>
    <property name="java.vm.specification.version" value="11"/>
    <property name="sun.arch.data.model" value="64"/>
    <property name="sun.java.command" value="C:\Users\Aniket\AppData\Local\Temp\surefirebooter14043909687640817539.jar C:\Users\Aniket\AppData\Local\Temp\surefire1383787722602671149tmp C:\Users\Aniket\AppData\Local\Temp\surefire14843148326175618775tmp"/>
    <property name="java.home" value="G:\Software\Latest\java\jdk-11.0.15.1"/>
    <property name="user.language" value="en"/>
    <property name="java.specification.vendor" value="Oracle Corporation"/>
    <property name="awt.toolkit" value="sun.awt.windows.WToolkit"/>
    <property name="java.vm.info" value="mixed mode"/>
    <property name="java.version" value="11.0.15.1"/>
    <property name="webdriver.chrome.driver" value="C:\Users\Aniket\.cache\selenium\chromedriver\win32\114.0.5735.90\chromedriver.exe"/>
    <property name="java.vendor" value="Oracle Corporation"/>
    <property name="localRepository" value="C:\Users\Aniket\.m2\repository"/>
    <property name="file.separator" value="\"/>
    <property name="java.version.date" value="2022-04-22"/>
    <property name="java.vendor.url.bug" value="https://bugreport.java.com/bugreport/"/>
    <property name="sun.io.unicode.encoding" value="UnicodeLittle"/>
    <property name="sun.cpu.endian" value="little"/>
    <property name="java.vendor.version" value="18.9"/>
    <property name="sun.desktop" value="windows"/>
    <property name="sun.cpu.isalist" value="amd64"/>
  </properties>
  <testcase classname="com.E_POC2.TestCases.PowerBIDashBoardTest" name="loginAndDropDownSelection" time="38.449"/>
  <testcase classname="com.E_POC2.TestCases.PowerBIDashBoardTest" name="monthPerformance" time="61.229"/>
  <testcase classname="com.E_POC2.TestCases.PowerBIDashBoardTest" name="lowAttendancePerformance" time="59.582">
    <failure message="Maps do not have the same size:4 != 1" type="java.lang.AssertionError">java.lang.AssertionError: Maps do not have the same size:4 != 1
	at org.testng.Assert.fail(Assert.java:110)
	at org.testng.Assert.assertEquals(Assert.java:1967)
	at org.testng.Assert.assertEquals(Assert.java:1925)
	at com.E_POC2.TestCases.PowerBIDashBoardTest.lowAttendancePerformance(PowerBIDashBoardTest.java:292)
</failure>
    <system-out>i : 1 j : 3
Object Data : Institute name=&lt;&lt;G P Mumbai&gt;&gt;
Course name=&lt;&lt;Computer Engineering&gt;&gt;
semester=&lt;&lt;Semester1&gt;&gt;
Subject name=&lt;&lt;Engineering Drawing&gt;&gt;
Teacher Name=&lt;&lt;V V Marathe&gt;&gt;
Student name=&lt;&lt;Aditi M&gt;&gt;
Year=&lt;&lt;2022&gt;&gt;
i : 2 j : 3
Object Data : Institute name=&lt;&lt;G P Mumbai&gt;&gt;
Course name=&lt;&lt;Computer Engineering&gt;&gt;
semester=&lt;&lt;Semester1&gt;&gt;
Subject name=&lt;&lt;Engineering Drawing&gt;&gt;
Teacher Name=&lt;&lt;V V Marathe&gt;&gt;
Student name=&lt;&lt;Diya D&gt;&gt;
Year=&lt;&lt;2022&gt;&gt;
i : 3 j : 3
Object Data : Institute name=&lt;&lt;G P Mumbai&gt;&gt;
Course name=&lt;&lt;Computer Engineering&gt;&gt;
semester=&lt;&lt;Semester1&gt;&gt;
Subject name=&lt;&lt;Engineering Drawing&gt;&gt;
Teacher Name=&lt;&lt;V V Marathe&gt;&gt;
Student name=&lt;&lt;Aditi M&gt;&gt;
Year=&lt;&lt;2022&gt;&gt;
i : 4 j : 3
Object Data : Institute name=&lt;&lt;G P Mumbai&gt;&gt;
Course name=&lt;&lt;Computer Engineering&gt;&gt;
semester=&lt;&lt;Semester1&gt;&gt;
Subject name=&lt;&lt;Engineering Drawing&gt;&gt;
Teacher Name=&lt;&lt;V V Marathe&gt;&gt;
Student name=&lt;&lt;Aditi M&gt;&gt;
Year=&lt;&lt;2022&gt;&gt;
i : 5 j : 3
Object Data : Institute name=&lt;&lt;G P Mumbai&gt;&gt;
Course name=&lt;&lt;Computer Engineering&gt;&gt;
semester=&lt;&lt;Semester1&gt;&gt;
Subject name=&lt;&lt;Engineering Drawing&gt;&gt;
Teacher Name=&lt;&lt;V V Marathe&gt;&gt;
Student name=&lt;&lt;Aditi M&gt;&gt;
Year=&lt;&lt;2022&gt;&gt;
i : 6 j : 3
Object Data : Institute name=&lt;&lt;G P Mumbai&gt;&gt;
Course name=&lt;&lt;Computer Engineering&gt;&gt;
semester=&lt;&lt;Semester1&gt;&gt;
Subject name=&lt;&lt;Engineering Drawing&gt;&gt;
Teacher Name=&lt;&lt;V V Marathe&gt;&gt;
Student name=&lt;&lt;Aditi M&gt;&gt;
Year=&lt;&lt;2022&gt;&gt;
i : 7 j : 3
Object Data : Institute name=&lt;&lt;G P Mumbai&gt;&gt;
Course name=&lt;&lt;Computer Engineering&gt;&gt;
semester=&lt;&lt;Semester1&gt;&gt;
Subject name=&lt;&lt;Engineering Drawing&gt;&gt;
Teacher Name=&lt;&lt;V V Marathe&gt;&gt;
Student name=&lt;&lt;Aditi M&gt;&gt;
Year=&lt;&lt;2022&gt;&gt;
i : 8 j : 3
Object Data : Institute name=&lt;&lt;G P Mumbai&gt;&gt;
Course name=&lt;&lt;Computer Engineering&gt;&gt;
semester=&lt;&lt;Semester1&gt;&gt;
Subject name=&lt;&lt;Engineering Drawing&gt;&gt;
Teacher Name=&lt;&lt;V V Marathe&gt;&gt;
Student name=&lt;&lt;Aditi M&gt;&gt;
Year=&lt;&lt;2022&gt;&gt;
i : 9 j : 3
Object Data : Institute name=&lt;&lt;G P Mumbai&gt;&gt;
Course name=&lt;&lt;Computer Engineering&gt;&gt;
semester=&lt;&lt;Semester1&gt;&gt;
Subject name=&lt;&lt;Engineering Drawing&gt;&gt;
Teacher Name=&lt;&lt;V V Marathe&gt;&gt;
Student name=&lt;&lt;Aditi M&gt;&gt;
Year=&lt;&lt;2022&gt;&gt;
Str.lenght : 7
String data : Institute name=&lt;&lt;G P Mumbai
dropName : Institute_name
String data : 
Course name=&lt;&lt;Computer Engineering
dropName : Course_name
String data : 
semester=&lt;&lt;Semester1
dropName : semester
String data : 
Subject name=&lt;&lt;Engineering Drawing
dropName : Subject_name
String data : 
Teacher Name=&lt;&lt;V V Marathe
dropName : Teacher Name
String data : 
Student name=&lt;&lt;Diya D
dropName : Student_name
String data : 
Year=&lt;&lt;2022
dropName : Year
tHeading1 : [Institute_name, Course_name, semester, Subject_name, Teacher Name, Student_name, Year]
TestDataList1 : [G P Mumbai, Computer Engineering, Semester1, Engineering Drawing, V V Marathe, Diya D, 2022]
getRespectiveTestDataList1
expVal : G P Mumbai
Institute_name List [(Blank), G P Mumbai]
Name : (Blank)
NameSel : slicerCheckbox
Name : G P Mumbai
NameSel : slicerCheckbox selected
Already Selected G P Mumbai
expVal : Computer Engineering
Course_name List [Computer Engineering]
Name : Computer Engineering
NameSel : slicerCheckbox selected
Already Selected Computer Engineering
expVal : Semester1
semester List [Semester 1]
Name : Semester 1
NameSel : slicerCheckbox selected
expVal : Engineering Drawing
Subject_name List [Engineering Drawing]
Name : Engineering Drawing
NameSel : slicerCheckbox selected
Already Selected Engineering Drawing
expVal : V V Marathe
Teacher Name List [V V Marathe]
Name : V V Marathe
NameSel : slicerCheckbox selected
Already Selected V V Marathe
expVal : Diya D
Student_name List [Aditi M, Aryan G, Diya D, Kalyani K, Soniya D]
Name : Aditi M
NameSel : slicerCheckbox selected
Name : Aryan G
NameSel : slicerCheckbox
Name : Diya D
NameSel : slicerCheckbox
Selected Diya D
expVal : 2022
Date Year List [2022]
Name : 2022
NameSel : slicerCheckbox selected
Already Selected 2022
i : 1 j : 4
Object Data : MonthXpath=&lt;&lt;svg[name$=&apos;Line and stacked column chart&apos;] text[class=&apos;setFocusRing&apos;]&gt;&gt;
MonthPerXpath=&lt;&lt;svg[name$=&apos;Line and stacked column chart&apos;] text[class=&apos;label&apos;]&gt;&gt;
i : 2 j : 4
Object Data : LowAttendanceTitleXpath=&lt;&lt;svg[name=&apos;Stacked bar chart&apos;] text[class=&apos;setFocusRing&apos;]&gt;&gt;
LowAttendancePerXpath=&lt;&lt;svg[name=&apos;Stacked bar chart&apos;] text[class=&apos;label&apos;]&gt;&gt;
i : 3 j : 4
Object Data : GridHeadingList=&lt;&lt;div[role=columnheader]&gt;&gt;
GridData=&lt;&lt;div[role=gridcell]&gt;&gt;
i : 4 j : 4
Object Data : CharFrame=&lt;&lt;iframe[class=visual-sandbox]&gt;&gt;
CharData=&lt;&lt;div[id=sandbox-host] g[class=word] text:nth-of-type(1)&gt;&gt;
i : 5 j : 4
Object Data : 
Marks_Obtained=&lt;&lt;//*[local-name()=&apos;svg&apos; and contains(@aria-label,&apos;Sum of Marks_Obtained&apos;)]//*[local-name()=&apos;tspan&apos;]&gt;&gt;
i : 6 j : 4
Object Data : 
Total_Marks=&lt;&lt;//*[local-name()=&apos;svg&apos; and contains(@aria-label,&apos;Sum of Total_Marks&apos;)]//*[local-name()=&apos;tspan&apos;]&gt;&gt;
i : 7 j : 4
Object Data : 
Marks_Percentage=&lt;&lt;//*[local-name()=&apos;svg&apos; and contains(@aria-label,&apos;Percentage&apos;)]//*[local-name()=&apos;tspan&apos;]&gt;&gt;
i : 8 j : 4
Object Data : 
Attendance_Percentage=&lt;&lt;//*[local-name()=&apos;svg&apos; and contains(@aria-label,&apos;attendence_percentage&apos;)]//*[local-name()=&apos;tspan&apos;]&gt;&gt;
i : 9 j : 4
Object Data : 
Attendance_Percentage=&lt;&lt;(//*[local-name()=&apos;svg&apos; and contains(@aria-label,&apos;Group&apos;)]//*[local-name()=&apos;tspan&apos;])[1]&gt;&gt;
Str.lenght : 2
String data : LowAttendanceTitleXpath=&lt;&lt;svg[name=&apos;Stacked bar chart&apos;] text[class=&apos;setFocusRing&apos;]
dropName : LowAttendanceTitleXpath
String data : 
LowAttendancePerXpath=&lt;&lt;svg[name=&apos;Stacked bar chart&apos;] text[class=&apos;label&apos;]
dropName : LowAttendancePerXpath
tHeading1 : [LowAttendanceTitleXpath, LowAttendancePerXpath]
TestDataList1 : [svg[name=&apos;Stacked bar chart&apos;] text[class=&apos;setFocusRing&apos;], svg[name=&apos;Stacked bar chart&apos;] text[class=&apos;label&apos;]]
getRespectiveTestDataList1
Low Attendance Performance........
LowAttendance_Text : Other
LowAttendance_Text : Financial
LowAttendance_Text : Personal
LowAttendance_Text : Health
LowAttendancePer_Text : 28.79%
LowAttendancePer_Text : 25.76%
LowAttendancePer_Text : 24.24%
LowAttendancePer_Text : 21.21%
lowAttendanceNamesList : [Other, Financial, Personal, Health]
lowAttendanceperList : [28.79, 25.76, 24.24, 21.21]
i : 1 j : 5
Object Data : 
PercentagePerMonthQuery=&lt;&lt;SELECT 
    [MONTH] AS attendance_month,
    ROUND(CAST(COUNT(CASE WHEN [Attendance] = &apos;P&apos; THEN [Attendance_id] END) * 100.00 /
        COUNT([Attendance_id]) AS FLOAT),2) AS attendance
FROM   [dbo].[Fact_Attendance]
    WHERE  [Course_id]=20 AND [Subject_id]=112 AND[Fact_Attendance].[Enrollment_No] =22020007 
 GROUP BY [MONTH] ORDER BY [MONTH] DESC&gt;&gt;


i : 2 j : 5
Object Data : 
LowAttendanceReason=&lt;&lt;DECLARE @Absent  nvarchar(100)
Set @Absent=(SELECT COUNT(Attendance)   FROM [dim_student],[Fact_Attendance]
    WHERE [dim_student].[Enrollment_No]=[Fact_Attendance].[Enrollment_No] AND
     [Course_id]=20 AND [Subject_id]=112 AND[Fact_Attendance].[Enrollment_No] =22020007 AND Attendance=&apos;A&apos;)
DECLARE @reason nvarchar(100)
Set @reason=(SELECT  COUNT([Attendance_Remarks])
    FROM [dim_student],[Fact_Attendance]
    WHERE [dim_student].[Enrollment_No]=[Fact_Attendance].[Enrollment_No] AND
     [Course_id]=20 AND [Subject_id]=112 AND[Fact_Attendance].[Enrollment_No] =22020007 AND
      [Attendance_Remarks] in (&apos;Personal&apos;,&apos;Health&apos;,&apos;Financial&apos;,&apos;Other&apos;)group by [Attendance_Remarks] )
SELECT DISTINCT [Attendance_Remarks],ROUND(CAST(((@reason)*100.00)/@Absent AS FLOAT),2) AS Percentage
 FROM [dim_student],[Fact_Attendance]
    WHERE [dim_student].[Enrollment_No]=[Fact_Attendance].[Enrollment_No] AND
     [Course_id]=20 AND [Subject_id]=112 AND [dim_student].[Enrollment_No] =22020007 AND [Attendance_Remarks]!=&apos;Present&apos;;&gt;&gt;
i : 3 j : 5
Object Data : 
GridPerformanceData=&lt;&lt;DECLARE @TotalPrice  nvarchar(100)
Set @TotalPrice =(SELECT COUNT([Attendance]) 
    FROM [POC2].[dbo].[dim_student],[POC2].[dbo].[Fact_Attendance]
    WHERE [dim_student].[Enrollment_No]=[Fact_Attendance].[Enrollment_No] AND
[Course_id]=20 AND [Subject_id]=112 AND[Fact_Attendance].[Enrollment_No] =22020007 AND [Attendance]=&apos;P&apos;)

SELECT Distinct [Student_name] As Student_Name,[Subject_name] as Subject_Name,[Marks_Obtained] As Marks_Obtained,[Total_Marks] as Total_Marks,
 ROUND(CAST(((@TotalPrice)*100.0)/150 AS FLOAT),2)AS &apos;Attendance_percentage&apos;,[Exam_Remark] as &apos;Remark&apos;,[Fact_Attendance].[Enrollment_No]
       FROM [POC2].[dbo].[dim_student],[POC2].[dbo].[dim_subject]
    ,[POC2].[dbo].[Fact_Attendance],[POC2].[dbo].[fact_exam_new],[POC2].[dbo].[dim_course]
    WHERE [dim_student].[Enrollment_No]=[Fact_Attendance].[Enrollment_No] AND
 [dim_student].[Enrollment_No]=[fact_exam_new].[Enrollment_No] AND
[dim_course].[Course_id]=20 AND [dim_subject].[Subject_id]=112 AND [fact_exam_new].[Enrollment_No] =22020007 AND [sem]=1 AND [Marks_Obtained]=66;&gt;&gt;
i : 4 j : 5
Object Data : 
CharacteristicData=&lt;&lt;SELECT [Exam_Remark]
    FROM [POC2].[dbo].[dim_student],[POC2].[dbo].[fact_exam_new]
    WHERE [dim_student].[Enrollment_No]=[fact_exam_new].[Enrollment_No] AND
[Course_id]=20 AND [Subject_id]=112 AND[fact_exam_new].[Enrollment_No]=22020007;&gt;&gt;
i : 5 j : 5
Object Data : 
Marks_ObtainedData=&lt;&lt;SELECT TOP (1000)   [Marks_Obtained]
    FROM [POC2].[dbo].[fact_exam_new],[POC2].[dbo].[dim_student]
    WHERE [dim_student].[Enrollment_No]=[fact_exam_new].[Enrollment_No] AND
[Course_id]=20 AND [Subject_id]=112 AND [fact_exam_new].[Enrollment_No] =22020007;&gt;&gt;
i : 6 j : 5
Object Data : 
Total_MarksData=&lt;&lt;SELECT DISTINCT [Total_Marks]
    FROM [POC2].[dbo].[fact_exam_new],[POC2].[dbo].[dim_student]
    WHERE [dim_student].[Enrollment_No]=[fact_exam_new].[Enrollment_No] AND
[Course_id]=20 AND [Subject_id]=112;&gt;&gt;
i : 7 j : 5
Object Data : 
Marks_PercentageData=&lt;&lt;SELECT [Marks_Obtained]*100/([Total_Marks]) as Percentage
    FROM [POC2].[dbo].[fact_exam_new],[POC2].[dbo].[dim_student]
    WHERE [dim_student].[Enrollment_No]=[fact_exam_new].[Enrollment_No] AND
[Course_id]=20 AND [Subject_id]=112 AND [fact_exam_new].[Enrollment_No] =22020007;&gt;&gt;
i : 8 j : 5
Object Data : 
Attendance_PercentageData=&lt;&lt;DECLARE @TotalPrice  nvarchar(100)
Set @TotalPrice =(SELECT COUNT([Attendance]) 
    FROM [POC2].[dbo].[dim_student],[POC2].[dbo].[Fact_Attendance]
    WHERE [dim_student].[Enrollment_No]=[Fact_Attendance].[Enrollment_No] AND
[Course_id]=20 AND [Subject_id]=112 AND[Fact_Attendance].[Enrollment_No] =22020007 AND [Attendance]=&apos;P&apos;)
SELECT ROUND(CAST(((@TotalPrice)*100.0)/150 AS FLOAT),2) As Attendance_Percentage;&gt;&gt;
i : 9 j : 5
Object Data : 
Group_MarkingData=&lt;&lt;SELECT DISTINCT [Group_student]
FROM [POC2].[dbo].[fact_exam_new] ,
[POC2].[dbo].[dim_student] WHERE
[fact_exam_new].[Enrollment_No]=[dim_student].[Enrollment_No]
AND [Group_student]=&apos;I&apos;;&gt;&gt;
Str.lenght : 1
String data : 
LowAttendanceReason=&lt;&lt;DECLARE @Absent  nvarchar(100)
Set @Absent=(SELECT COUNT(Attendance)   FROM [dim_student],[Fact_Attendance]
    WHERE [dim_student].[Enrollment_No]=[Fact_Attendance].[Enrollment_No] AND
     [Course_id]=20 AND [Subject_id]=112 AND[Fact_Attendance].[Enrollment_No] =22020007 AND Attendance=&apos;A&apos;)
DECLARE @reason nvarchar(100)
Set @reason=(SELECT  COUNT([Attendance_Remarks])
    FROM [dim_student],[Fact_Attendance]
    WHERE [dim_student].[Enrollment_No]=[Fact_Attendance].[Enrollment_No] AND
     [Course_id]=20 AND [Subject_id]=112 AND[Fact_Attendance].[Enrollment_No] =22020007 AND
      [Attendance_Remarks] in (&apos;Personal&apos;,&apos;Health&apos;,&apos;Financial&apos;,&apos;Other&apos;)group by [Attendance_Remarks] )
SELECT DISTINCT [Attendance_Remarks],ROUND(CAST(((@reason)*100.00)/@Absent AS FLOAT),2) AS Percentage
 FROM [dim_student],[Fact_Attendance]
    WHERE [dim_student].[Enrollment_No]=[Fact_Attendance].[Enrollment_No] AND
     [Course_id]=20 AND [Subject_id]=112 AND [dim_student].[Enrollment_No] =22020007 AND [Attendance_Remarks]!=&apos;Present&apos;;
dropName : LowAttendanceReason
tHeading1 : [LowAttendanceReason]
TestDataList1 : [DECLARE @Absent  nvarchar(100)
Set @Absent=(SELECT COUNT(Attendance)   FROM [dim_student],[Fact_Attendance]
    WHERE [dim_student].[Enrollment_No]=[Fact_Attendance].[Enrollment_No] AND
     [Course_id]=20 AND [Subject_id]=112 AND[Fact_Attendance].[Enrollment_No] =22020007 AND Attendance=&apos;A&apos;)
DECLARE @reason nvarchar(100)
Set @reason=(SELECT  COUNT([Attendance_Remarks])
    FROM [dim_student],[Fact_Attendance]
    WHERE [dim_student].[Enrollment_No]=[Fact_Attendance].[Enrollment_No] AND
     [Course_id]=20 AND [Subject_id]=112 AND[Fact_Attendance].[Enrollment_No] =22020007 AND
      [Attendance_Remarks] in (&apos;Personal&apos;,&apos;Health&apos;,&apos;Financial&apos;,&apos;Other&apos;)group by [Attendance_Remarks] )
SELECT DISTINCT [Attendance_Remarks],ROUND(CAST(((@reason)*100.00)/@Absent AS FLOAT),2) AS Percentage
 FROM [dim_student],[Fact_Attendance]
    WHERE [dim_student].[Enrollment_No]=[Fact_Attendance].[Enrollment_No] AND
     [Course_id]=20 AND [Subject_id]=112 AND [dim_student].[Enrollment_No] =22020007 AND [Attendance_Remarks]!=&apos;Present&apos;;]
getRespectiveTestDataList1
visualNamesList_inDb : [Personal]
visualDataList_inDb : [100.00]
ResultSet : SQLServerResultSet:2
Sorted List : [Personal]
</system-out>
  </testcase>
</testsuite>