<?xml version="1.0" encoding="UTF-8"?>
<!-- Generated by org.testng.reporters.JUnitReportReporter -->
<testsuite hostname="DESKTOP-4F545DN" failures="1" tests="10" name="com.E_POC2.TestCases.PowerBIDashBoardTest1" time="216.356" errors="0" timestamp="2023-06-19T14:38:03 IST" skipped="0">
  <testcase classname="com.E_POC2.TestCases.PowerBIDashBoardTest1" name="loginAndDropDownSelection" time="31.084"/>
  <system-out/>
  <testcase classname="com.E_POC2.TestCases.PowerBIDashBoardTest1" name="monthPerformance" time="54.853"/>
  <system-out/>
  <testcase classname="com.E_POC2.TestCases.PowerBIDashBoardTest1" name="lowAttendancePerformance" time="52.813">
    <failure message="Maps do not have the same size:4 != 1" type="java.lang.AssertionError">
      <![CDATA[java.lang.AssertionError: Maps do not have the same size:4 != 1
at org.testng.Assert.fail(Assert.java:110)
at org.testng.Assert.assertEquals(Assert.java:1967)
at org.testng.Assert.assertEquals(Assert.java:1925)
at com.E_POC2.TestCases.PowerBIDashBoardTest1.lowAttendancePerformance(PowerBIDashBoardTest1.java:176)
at java.base/jdk.internal.reflect.NativeMethodAccessorImpl.invoke0(Native Method)
at java.base/jdk.internal.reflect.NativeMethodAccessorImpl.invoke(NativeMethodAccessorImpl.java:62)
at java.base/jdk.internal.reflect.DelegatingMethodAccessorImpl.invoke(DelegatingMethodAccessorImpl.java:43)
at java.base/java.lang.reflect.Method.invoke(Method.java:566)
at org.testng.internal.invokers.MethodInvocationHelper.invokeMethod(MethodInvocationHelper.java:139)
at org.testng.internal.invokers.TestInvoker.invokeMethod(TestInvoker.java:677)
at org.testng.internal.invokers.TestInvoker.invokeTestMethod(TestInvoker.java:221)
at org.testng.internal.invokers.MethodRunner.runInSequence(MethodRunner.java:50)
at org.testng.internal.invokers.TestInvoker$MethodInvocationAgent.invoke(TestInvoker.java:962)
at org.testng.internal.invokers.TestInvoker.invokeTestMethods(TestInvoker.java:194)
at org.testng.internal.invokers.TestMethodWorker.invokeTestMethods(TestMethodWorker.java:148)
at org.testng.internal.invokers.TestMethodWorker.run(TestMethodWorker.java:128)
at java.base/java.util.ArrayList.forEach(ArrayList.java:1541)
at org.testng.TestRunner.privateRun(TestRunner.java:806)
at org.testng.TestRunner.run(TestRunner.java:601)
at org.testng.SuiteRunner.runTest(SuiteRunner.java:433)
at org.testng.SuiteRunner.runSequentially(SuiteRunner.java:427)
at org.testng.SuiteRunner.privateRun(SuiteRunner.java:387)
at org.testng.SuiteRunner.run(SuiteRunner.java:330)
at org.testng.SuiteRunnerWorker.runSuite(SuiteRunnerWorker.java:52)
at org.testng.SuiteRunnerWorker.run(SuiteRunnerWorker.java:95)
at org.testng.TestNG.runSuitesSequentially(TestNG.java:1256)
at org.testng.TestNG.runSuitesLocally(TestNG.java:1176)
at org.testng.TestNG.runSuites(TestNG.java:1099)
at org.testng.TestNG.run(TestNG.java:1067)
at org.testng.remote.AbstractRemoteTestNG.run(AbstractRemoteTestNG.java:115)
at org.testng.remote.RemoteTestNG.initAndRun(RemoteTestNG.java:251)
at org.testng.remote.RemoteTestNG.main(RemoteTestNG.java:77)
]]>
    </failure>
  </testcase> <!-- lowAttendancePerformance -->
  <system-out/>
  <testcase classname="com.E_POC2.TestCases.PowerBIDashBoardTest1" name="GirdPerformance" time="56.288"/>
  <system-out/>
  <testcase classname="com.E_POC2.TestCases.PowerBIDashBoardTest1" name="characteristicPerformance" time="3.871"/>
  <system-out/>
  <testcase classname="com.E_POC2.TestCases.PowerBIDashBoardTest1" name="Marks_Obtained" time="3.522"/>
  <system-out/>
  <testcase classname="com.E_POC2.TestCases.PowerBIDashBoardTest1" name="total_Marks" time="3.513"/>
  <system-out/>
  <testcase classname="com.E_POC2.TestCases.PowerBIDashBoardTest1" name="marks_Percentage" time="3.498"/>
  <system-out/>
  <testcase classname="com.E_POC2.TestCases.PowerBIDashBoardTest1" name="attendance_Percentage" time="3.478"/>
  <system-out/>
  <testcase classname="com.E_POC2.TestCases.PowerBIDashBoardTest1" name="Group_Marking" time="3.436"/>
  <system-out/>
</testsuite> <!-- com.E_POC2.TestCases.PowerBIDashBoardTest1 -->
